<?xml version="1.0" encoding="UTF-8"?>
<!-- Generated by org.testng.reporters.JUnitReportReporter -->
<testsuite hostname="SKAR1200411" name="exemple.NewTest" tests="1" failures="0" timestamp="7 Apr 2019 14:44:16 GMT" time="5.105" errors="0">
  <testcase name="testEasy" time="5.105" classname="exemple.NewTest"/>
</testsuite> <!-- exemple.NewTest -->
